<?xml version="1.0" encoding="UTF-8"?>
<!-- Generated by org.testng.reporters.JUnitReportReporter -->
<testsuite skipped="0" hostname="Ns-MacBook-Pro.local" name="com.qa.AutomationPractice.tests.HomePageTest" tests="4" failures="0" timestamp="09 Mar 2019 23:25:54 GMT" time="32.571" errors="0">
  <testcase name="verifyHomePageTitleTest" time="4.944" classname="com.qa.AutomationPractice.tests.HomePageTest"/>
  <testcase name="verifySearchbarTest" time="8.459" classname="com.qa.AutomationPractice.tests.HomePageTest"/>
  <testcase name="verifyContactUsButtonTest" time="7.467" classname="com.qa.AutomationPractice.tests.HomePageTest"/>
  <testcase name="verifySignUpButtonTest" time="11.701" classname="com.qa.AutomationPractice.tests.HomePageTest"/>
</testsuite> <!-- com.qa.AutomationPractice.tests.HomePageTest -->
