<?xml version="1.0" encoding="UTF-8"?>
<!-- Generated by org.testng.reporters.JUnitReportReporter -->
<testsuite skipped="0" hostname="Ns-MacBook-Pro.local" name="com.qa.AutomationPractice.tests.ContactPageTest" tests="4" failures="0" timestamp="09 Mar 2019 23:12:33 GMT" time="37.202" errors="0">
  <testcase name="verifyContactPageTitleTest" time="7.798" classname="com.qa.AutomationPractice.tests.ContactPageTest"/>
  <testcase name="verifyDefault_dropDownTest" time="6.790" classname="com.qa.AutomationPractice.tests.ContactPageTest"/>
  <testcase name="verify_send_msg_detailsTest" time="9.258" classname="com.qa.AutomationPractice.tests.ContactPageTest"/>
  <testcase name="verifyHomePageButtonTest" time="13.356" classname="com.qa.AutomationPractice.tests.ContactPageTest"/>
</testsuite> <!-- com.qa.AutomationPractice.tests.ContactPageTest -->
